This is e-pTeX, Version 3.14159265-p3.8.0-180226-2.6 (utf8.euc) (TeX Live 2018) (preloaded format=platex 2018.7.23)  18 JAN 2019 20:18
entering extended mode
 restricted \write18 enabled.
 file:line:error style messages enabled.
 %&-line parsing enabled.
**sotsuron_master.tex
(./sotsuron_master.tex
pLaTeX2e <2018-04-01>+1 (based on LaTeX2e <2018-04-01> patch level 2)
Babel <3.18> and hyphenation patterns for 84 language(s) loaded.
(/usr/local/texlive/2018/texmf-dist/tex/platex/jsclasses/jsarticle.cls
Document Class: jsarticle 2018/03/11 jsclasses (okumura, texjporg)
\jsc@mpt=\dimen118
\jsc@mmm=\dimen119
\jsc@smallskipamount=\skip41
LaTeX Info: Redefining \rmfamily on input line 466.
LaTeX Info: Redefining \sffamily on input line 469.
LaTeX Info: Redefining \ttfamily on input line 472.
LaTeX Info: Redefining \textmc on input line 476.
LaTeX Info: Redefining \textgt on input line 478.
\symmincho=\mathgroup4
LaTeX Font Info:    Overwriting symbol font `mincho' in version `bold'
(Font)                  JY1/mc/m/n --> JY1/gt/m/n on input line 540.
LaTeX Font Info:    Font shape `JT1/mc/m/n' will be
(Font)              scaled to size 9.60999pt on input line 731.
LaTeX Font Info:    Font shape `JY1/mc/m/n' will be
(Font)              scaled to size 9.60999pt on input line 731.
\fullwidth=\dimen120
LaTeX Font Info:    Font shape `JT1/mc/m/n' will be
(Font)              scaled to size 7.68799pt on input line 884.
LaTeX Font Info:    Font shape `JY1/mc/m/n' will be
(Font)              scaled to size 7.68799pt on input line 884.
\c@part=\count83
\c@section=\count84
\c@subsection=\count85
\c@subsubsection=\count86
\c@paragraph=\count87
\c@subparagraph=\count88
\@abstractbox=\box42
\c@figure=\count89
\c@table=\count90
\abovecaptionskip=\skip42
\belowcaptionskip=\skip43
\jsc@tocl@width=\dimen121
\@lnumwidth=\dimen122
\bibindent=\dimen123
(/usr/local/texlive/2018/texmf-dist/tex/platex/jsclasses/jslogo.sty
Package: jslogo 2017/02/24 okumura, texjporg
LaTeX Info: Redefining \TeX on input line 94.
LaTeX Info: Redefining \LaTeX on input line 147.
LaTeX Info: Redefining \LaTeXe on input line 200.
)
\heisei=\count91
)
(/usr/local/texlive/2018/texmf-dist/tex/latex/graphics/lscape.sty
Package: lscape 2000/10/22 v3.01 Landscape Pages (DPC)

(/usr/local/texlive/2018/texmf-dist/tex/latex/graphics/graphics.sty
Package: graphics 2017/06/25 v1.2c Standard LaTeX Graphics (DPC,SPQR)

(/usr/local/texlive/2018/texmf-dist/tex/latex/graphics/trig.sty
Package: trig 2016/01/03 v1.10 sin cos tan (DPC)
)
(/usr/local/texlive/2018/texmf-dist/tex/latex/graphics-cfg/graphics.cfg
File: graphics.cfg 2016/06/04 v1.11 sample graphics configuration
)
Package graphics Info: Driver file: dvips.def on input line 99.

(/usr/local/texlive/2018/texmf-dist/tex/latex/graphics-def/dvips.def
File: dvips.def 2017/06/20 v3.1d Graphics/color driver for dvips
)))
(/usr/local/texlive/2018/texmf-dist/tex/latex/graphics/graphicx.sty
Package: graphicx 2017/06/01 v1.1a Enhanced LaTeX Graphics (DPC,SPQR)

(/usr/local/texlive/2018/texmf-dist/tex/latex/graphics/keyval.sty
Package: keyval 2014/10/28 v1.15 key=value parser (DPC)
\KV@toks@=\toks15
)
\Gin@req@height=\dimen124
\Gin@req@width=\dimen125
)
(/usr/local/texlive/2018/texmf-dist/tex/latex/here/here.sty)
(/usr/local/texlive/2018/texmf-dist/tex/latex/float/float.sty
Package: float 2001/11/08 v1.3d Float enhancements (AL)
\c@float@type=\count92
\float@exts=\toks16
\float@box=\box43
\@float@everytoks=\toks17
\@floatcapt=\box44
)
(/usr/local/texlive/2018/texmf-dist/tex/latex/geometry/geometry.sty
Package: geometry 2018/03/24 v5.7 Page Geometry

(/usr/local/texlive/2018/texmf-dist/tex/generic/oberdiek/ifpdf.sty
Package: ifpdf 2017/03/15 v3.2 Provides the ifpdf switch
)
(/usr/local/texlive/2018/texmf-dist/tex/generic/oberdiek/ifvtex.sty
Package: ifvtex 2016/05/16 v1.6 Detect VTeX and its facilities (HO)
Package ifvtex Info: VTeX not detected.
)
(/usr/local/texlive/2018/texmf-dist/tex/generic/ifxetex/ifxetex.sty
Package: ifxetex 2010/09/12 v0.6 Provides ifxetex conditional
)
\Gm@cnth=\count93
\Gm@cntv=\count94
\c@Gm@tempcnt=\count95
\Gm@bindingoffset=\dimen126
\Gm@wd@mp=\dimen127
\Gm@odd@mp=\dimen128
\Gm@even@mp=\dimen129
\Gm@layoutwidth=\dimen130
\Gm@layoutheight=\dimen131
\Gm@layouthoffset=\dimen132
\Gm@layoutvoffset=\dimen133
\Gm@dimlist=\toks18
)
(/usr/local/texlive/2018/texmf-dist/tex/latex/comment/comment.sty
\CommentStream=\write3

Excluding comment 'comment')
(/usr/local/texlive/2018/texmf-dist/tex/latex/graphics/color.sty
Package: color 2016/07/10 v1.1e Standard LaTeX Color (DPC)

(/usr/local/texlive/2018/texmf-dist/tex/latex/graphics-cfg/color.cfg
File: color.cfg 2016/01/02 v1.6 sample color configuration
)
Package color Info: Driver file: dvips.def on input line 147.

(/usr/local/texlive/2018/texmf-dist/tex/latex/graphics/dvipsnam.def
File: dvipsnam.def 2016/06/17 v3.0m Driver-dependent file (DPC,SPQR)
))
(/usr/local/texlive/2018/texmf-dist/tex/latex/fancyhdr/fancyhdr.sty
Package: fancyhdr 2017/06/30 v3.9a Extensive control of page headers and footer
s
\f@nch@headwidth=\skip44
\f@nch@O@elh=\skip45
\f@nch@O@erh=\skip46
\f@nch@O@olh=\skip47
\f@nch@O@orh=\skip48
\f@nch@O@elf=\skip49
\f@nch@O@erf=\skip50
\f@nch@O@olf=\skip51
\f@nch@O@orf=\skip52
)

Package Fancyhdr Warning: \fancyhead's `E' option without twoside option is use
less on input line 17.


Package Fancyhdr Warning: \fancyfoot's `E' option without twoside option is use
less on input line 20.

(./sotsuron_master.aux)
\openout1 = `sotsuron_master.aux'.

LaTeX Font Info:    Checking defaults for OML/cmm/m/it on input line 26.
LaTeX Font Info:    ... okay on input line 26.
LaTeX Font Info:    Checking defaults for T1/cmr/m/n on input line 26.
LaTeX Font Info:    ... okay on input line 26.
LaTeX Font Info:    Checking defaults for OT1/cmr/m/n on input line 26.
LaTeX Font Info:    ... okay on input line 26.
LaTeX Font Info:    Checking defaults for OMS/cmsy/m/n on input line 26.
LaTeX Font Info:    ... okay on input line 26.
LaTeX Font Info:    Checking defaults for OMX/cmex/m/n on input line 26.
LaTeX Font Info:    ... okay on input line 26.
LaTeX Font Info:    Checking defaults for U/cmr/m/n on input line 26.
LaTeX Font Info:    ... okay on input line 26.
LaTeX Font Info:    Checking defaults for JY1/mc/m/n on input line 26.
LaTeX Font Info:    ... okay on input line 26.
LaTeX Font Info:    Checking defaults for JT1/mc/m/n on input line 26.
LaTeX Font Info:    ... okay on input line 26.

*geometry* driver: auto-detecting
*geometry* detected driver: dvips
*geometry* verbose mode - [ preamble ] result:
* driver: dvips
* paper: a4paper
* layout: <same size as paper>
* layoutoffset:(h,v)=(0.0pt,0.0pt)
* modes: 
* h-part:(L,W,R)=(85.35826pt, 426.79135pt, 85.35826pt)
* v-part:(T,H,B)=(71.13188pt, 702.78308pt, 71.13188pt)
* \paperwidth=597.50787pt
* \paperheight=845.04684pt
* \textwidth=426.79135pt
* \textheight=702.78308pt
* \oddsidemargin=13.08827pt
* \evensidemargin=13.08827pt
* \topmargin=-36.8353pt
* \headheight=20.0pt
* \headsep=15.69719pt
* \topskip=12.76073pt
* \footskip=28.45792pt
* \marginparwidth=18.49374pt
* \marginparsep=18.49374pt
* \columnsep=18.49374pt
* \skip\footins=16.0pt plus 5.0pt minus 2.0pt
* \hoffset=0.0pt
* \voffset=0.0pt
* \mag=1000
* \@twocolumnfalse
* \@twosidefalse
* \@mparswitchfalse
* \@reversemarginfalse
* (1in=72.27pt=25.4mm, 1cm=28.453pt)

LaTeX Font Info:    Font shape `JT1/gt/m/n' will be
(Font)              scaled to size 9.60999pt on input line 29.
LaTeX Font Info:    Font shape `JY1/gt/m/n' will be
(Font)              scaled to size 9.60999pt on input line 29.
LaTeX Font Info:    Font shape `JT1/mc/m/n' will be
(Font)              scaled to size 13.83836pt on input line 29.
LaTeX Font Info:    Font shape `JY1/mc/m/n' will be
(Font)              scaled to size 13.83836pt on input line 29.
LaTeX Font Info:    Font shape `JT1/gt/m/n' will be
(Font)              scaled to size 13.83836pt on input line 29.
LaTeX Font Info:    Font shape `JY1/gt/m/n' will be
(Font)              scaled to size 13.83836pt on input line 29.
(./sotsuron_master.toc
LaTeX Font Info:    External font `cmex10' loaded for size
(Font)              <7> on input line 2.
LaTeX Font Info:    External font `cmex10' loaded for size
(Font)              <5> on input line 2.
LaTeX Font Info:    Font shape `JY1/mc/m/n' will be
(Font)              scaled to size 6.72699pt on input line 2.
LaTeX Font Info:    Font shape `JY1/mc/m/n' will be
(Font)              scaled to size 4.805pt on input line 2.
)
\tf@toc=\write4
\openout4 = `sotsuron_master.toc'.

 [1

] (./experiment/experiment.tex
LaTeX Font Info:    Font shape `JT1/mc/m/n' will be
(Font)              scaled to size 11.53198pt on input line 2.
LaTeX Font Info:    Font shape `JY1/mc/m/n' will be
(Font)              scaled to size 11.53198pt on input line 2.
LaTeX Font Info:    Font shape `JT1/gt/m/n' will be
(Font)              scaled to size 11.53198pt on input line 2.
LaTeX Font Info:    Font shape `JY1/gt/m/n' will be
(Font)              scaled to size 11.53198pt on input line 2.
LaTeX Font Info:    Font shape `JT1/mc/m/n' will be
(Font)              scaled to size 8.64899pt on input line 22.
LaTeX Font Info:    Font shape `JY1/mc/m/n' will be
(Font)              scaled to size 8.64899pt on input line 22.
LaTeX Font Info:    Font shape `JT1/mc/bx/n' in size <10> not available
(Font)              Font shape `JT1/gt/m/n' tried instead on input line 30.
LaTeX Font Info:    Font shape `JT1/gt/m/n' will be
(Font)              scaled to size 9.60999pt on input line 30.
LaTeX Font Info:    Font shape `JY1/mc/bx/n' in size <10> not available
(Font)              Font shape `JY1/gt/m/n' tried instead on input line 30.
LaTeX Font Info:    Font shape `JY1/gt/m/n' will be
(Font)              scaled to size 9.60999pt on input line 30.


LaTeX Warning: Reference `fig:GeSn_phase' on page 2 undefined on input line 30.


[2]

LaTeX Warning: Reference `tab:sample_prep_arc' on page 3 undefined on input lin
e 39.


LaTeX Warning: Reference `tab:sample_prep_heatgun' on page 3 undefined on input
 line 46.


LaTeX Warning: Reference `sec:Xray_results' on page 3 undefined on input line 5
2.


LaTeX Warning: Citation `Ogino' on page 3 undefined on input line 57.

[3]
File: experiment/schematics_Xray.eps Graphic file (type eps)
 <experiment/schematics_Xray.eps>
LaTeX Font Info:    External font `cmex10' loaded for size
(Font)              <9> on input line 70.
LaTeX Font Info:    External font `cmex10' loaded for size
(Font)              <6> on input line 70.
LaTeX Font Info:    Font shape `JY1/mc/m/n' will be
(Font)              scaled to size 5.76599pt on input line 70.
 [4]

LaTeX Warning: Reference `sec:4terminal' on page 5 undefined on input line 84.

File: experiment/schematics_pulse.eps Graphic file (type eps)
<experiment/schematics_pulse.eps>
File: experiment/schematics_lockin.eps Graphic file (type eps)
 <experiment/schematics_lockin.eps>

LaTeX Warning: `!h' float specifier changed to `!ht'.

File: experiment/schematics_sample.eps Graphic file (type eps)
<experiment/schematics_sample.eps>
File: experiment/picture_sample.eps Graphic file (type eps)
 <experiment/picture_sample.eps>

LaTeX Warning: `!h' float specifier changed to `!ht'.

[5] [6] [7]) (./results_discussions/results_discussions.tex
File: results_discussions/sample6_asgrown.eps Graphic file (type eps)

<results_discussions/sample6_asgrown.eps>
File: results_discussions/intensity_asgrown_samples.eps Graphic file (type eps)


<results_discussions/intensity_asgrown_samples.eps>

LaTeX Warning: `!h' float specifier changed to `!ht'.

[8

] [9]

LaTeX Warning: Reference `fig:Ge_content' on page 10 undefined on input line 36
.


LaTeX Warning: Reference `fig:GeSn_phase' on page 10 undefined on input line 38
.


LaTeX Warning: Reference `fig:GeSn_phase2' on page 10 undefined on input line 3
8.

[10] [11

]
File: results_discussions/intensity_pested_samples.eps Graphic file (type eps)
 <results_discussions/intensity_pested_samples.eps> [12

]
File: results_discussions/Trans.eps Graphic file (type eps)

<results_discussions/Trans.eps>
File: results_discussions/Trans2.eps Graphic file (type eps)
 <results_discussions/Trans2.eps>

LaTeX Warning: Float too large for page by 2.79736pt on input line 99.


LaTeX Warning: `!h' float specifier changed to `!ht'.


LaTeX Warning: Reference `fig:TransitionT' on page 13 undefined on input line 1
01.

File: results_discussions/181228_before_after_pulse_log.eps Graphic file (type 
eps)
<results_discussions/181228_before_after_pulse_log.eps>
File: results_discussions/181228_after_pulse.eps Graphic file (type eps)

<results_discussions/181228_after_pulse.eps>
File: results_discussions/181228_after_pulse2.eps Graphic file (type eps)

<results_discussions/181228_after_pulse2.eps>
Overfull \hbox (2.22221pt too wide) in paragraph at lines 136--157
[]$[]$[] []$[]$[] 
 []


LaTeX Warning: `!h' float specifier changed to `!ht'.

File: results_discussions/181228_Resistance_pulse_selected.eps Graphic file (ty
pe eps)
<results_discussions/181228_Resistance_pulse_selected.eps>
File: results_discussions/181228_current_pulse_selected.eps Graphic file (type 
eps)

<results_discussions/181228_current_pulse_selected.eps>

LaTeX Warning: `!h' float specifier changed to `!ht'.

File: results_discussions/190112_Resistance_pulse.eps Graphic file (type eps)
<results_discussions/190112_Resistance_pulse.eps>
File: results_discussions/190112_Current_pulse.eps Graphic file (type eps)

<results_discussions/190112_Current_pulse.eps>

LaTeX Warning: Float too large for page by 2.79736pt on input line 193.


LaTeX Warning: `!h' float specifier changed to `!ht'.

File: results_discussions/190112_before_pulse17.eps Graphic file (type eps)
<results_discussions/190112_before_pulse17.eps>
File: results_discussions/190112_after_pulse17.eps Graphic file (type eps)

<results_discussions/190112_after_pulse17.eps>
File: results_discussions/190112_after_pulse19_1.eps Graphic file (type eps)

<results_discussions/190112_after_pulse19_1.eps>
File: results_discussions/190112_after_pulse19_2.eps Graphic file (type eps)

<results_discussions/190112_after_pulse19_2.eps>
File: results_discussions/190112_after_pulse20.eps Graphic file (type eps)

<results_discussions/190112_after_pulse20.eps>
Overfull \hbox (2.22221pt too wide) in paragraph at lines 197--232
[][]$[]$[] []$[]$[]
 []


Overfull \hbox (2.22221pt too wide) in paragraph at lines 197--232
[]$[]$[] []$[]$[]
 []

File: results_discussions/190113_Resistance_pulse.eps Graphic file (type eps)
<results_discussions/190113_Resistance_pulse.eps>
File: results_discussions/190113_Current_pulse.eps Graphic file (type eps)

<results_discussions/190113_Current_pulse.eps>

LaTeX Warning: Float too large for page by 2.79736pt on input line 251.


LaTeX Warning: `!h' float specifier changed to `!ht'.

File: results_discussions/190113_before_pulse5.eps Graphic file (type eps)
<results_discussions/190113_before_pulse5.eps>
File: results_discussions/190113_after_pulse5-1.eps Graphic file (type eps)

<results_discussions/190113_after_pulse5-1.eps>
File: results_discussions/190113_after_pulse5-2.eps Graphic file (type eps)

<results_discussions/190113_after_pulse5-2.eps>
File: results_discussions/190113_after_pulse5-3.eps Graphic file (type eps)

<results_discussions/190113_after_pulse5-3.eps>
File: results_discussions/190113_after_pulse6.eps Graphic file (type eps)

<results_discussions/190113_after_pulse6.eps>
Overfull \hbox (2.22221pt too wide) in paragraph at lines 254--289
[][]$[]$[] []$[]$[]
 []


Overfull \hbox (2.22221pt too wide) in paragraph at lines 254--289
[]$[]$[] []$[]$[]
 []

[13] [14] [15] [16] [17] [18] [19] [20]) (./sotsuron_master.bbl
LaTeX Font Info:    Font shape `JT1/gt/m/it' in size <10> not available
(Font)              Font shape `JT1/gt/m/n' tried instead on input line 6.
LaTeX Font Info:    Font shape `JT1/gt/m/n' will be
(Font)              scaled to size 9.60999pt on input line 6.
LaTeX Font Info:    Font shape `JY1/gt/m/it' in size <10> not available
(Font)              Font shape `JY1/gt/m/n' tried instead on input line 6.
LaTeX Font Info:    Font shape `JY1/gt/m/n' will be
(Font)              scaled to size 9.60999pt on input line 6.
 [21

]

LaTeX Warning: Command \l invalid in math mode on input line 156.

) [22] (./sotsuron_master.aux)

LaTeX Warning: There were undefined references.

 ) 
Here is how much of TeX's memory you used:
 1864 strings out of 493281
 27515 string characters out of 6145041
 104348 words of memory out of 5000000
 5757 multiletter control sequences out of 15000+600000
 14326 words of font info for 64 fonts, out of 8000000 for 9000
 934 hyphenation exceptions out of 8191
 25i,12n,43p,1066b,380s stack positions out of 5000i,500n,10000p,200000b,80000s

Output written on sotsuron_master.dvi (22 pages, 63812 bytes).
